<?xml version="1.0" encoding="UTF-8"?>
<testng-results skipped="0" failed="0" ignored="0" total="1" passed="1">
  <reporter-output>
  </reporter-output>
  <suite name="Command line suite" duration-ms="4890" started-at="2020-03-07T15:25:12Z" finished-at="2020-03-07T15:25:17Z">
    <groups>
    </groups>
    <test name="Command line test" duration-ms="4890" started-at="2020-03-07T15:25:12Z" finished-at="2020-03-07T15:25:17Z">
      <class name="selenium.test">
        <test-method status="PASS" signature="hello()[pri:0, instance:selenium.test@5c3bd550]" name="hello" duration-ms="4832" started-at="2020-03-07T15:25:12Z" finished-at="2020-03-07T15:25:17Z">
          <reporter-output>
          </reporter-output>
        </test-method> <!-- hello -->
      </class> <!-- selenium.test -->
    </test> <!-- Command line test -->
  </suite> <!-- Command line suite -->
</testng-results>
